апр 02 14:42:35 amar319-1.amar.home dbus-broker-launch[5544]: ERROR launcher_connect @ ../dbus-broker-37/src/launch/launcher.c +1276: No such file or directory
апр 02 14:42:35 amar319-1.amar.home dbus-broker-launch[5544]: Exiting due to fatal error: -2
апр 02 14:42:35 amar319-1.amar.home systemd[971]: dbus-broker.service: Main process exited, code=exited, status=1/FAILURE
апр 02 14:42:35 amar319-1.amar.home systemd[971]: dbus-broker.service: Failed with result 'exit-code'.
апр 02 14:45:42 amar319-1.amar.home dbus-broker-launch[6051]: ERROR launcher_connect @ ../dbus-broker-37/src/launch/launcher.c +1276: No such file or directory
апр 02 14:45:42 amar319-1.amar.home dbus-broker-launch[6051]: Exiting due to fatal error: -2
апр 02 14:45:42 amar319-1.amar.home pipewire[6052]: mod.rt: Failed to connect to session bus: Failed to connect to socket /tmp/dbus-SmZWqBNcpT: No such file or directory
апр 02 14:45:42 amar319-1.amar.home systemd[971]: dbus-broker.service: Main process exited, code=exited, status=1/FAILURE
апр 02 14:45:42 amar319-1.amar.home systemd[971]: dbus-broker.service: Failed with result 'exit-code'.
апр 02 14:45:42 amar319-1.amar.home pipewire[6052]: spa.dbus: Failed to connect to session bus: Failed to connect to socket /tmp/dbus-SmZWqBNcpT: No such file or directory
апр 02 14:45:42 amar319-1.amar.home pipewire[6052]: mod.portal: Failed to connect to session bus: Input/output error
апр 02 14:45:42 amar319-1.amar.home wireplumber[6054]: mod.rt: Failed to connect to session bus: Failed to connect to socket /tmp/dbus-SmZWqBNcpT: No such file or directory
апр 02 14:45:42 amar319-1.amar.home wireplumber[6054]: wp-internal-comp-loader: <WpCore:0x55dbe27c3200> optional component 'support.dbus [module: libwireplumber-module-dbus-connection]' failed to load: Failed to connect to bus: Could not connect: No such file or directory
апр 02 14:45:42 amar319-1.amar.home wireplumber[6054]: spa.dbus: Failed to connect to session bus: Failed to connect to socket /tmp/dbus-SmZWqBNcpT: No such file or directory
апр 02 14:45:42 amar319-1.amar.home wireplumber[6054]: spa.bluez5.telephony: failed to get session dbus connection
апр 02 14:45:42 amar319-1.amar.home wireplumber[6054]: default: Failed to get percentage from UPower: org.freedesktop.DBus.Error.NameHasNoOwner
апр 02 14:48:15 amar319-1.amar.home sudo[6414]:     amar : TTY=tty2 ; PWD=/home/amar/Amar73/arch-niri ; USER=root ; COMMAND=/usr/bin/vim /etc/greetd/config.toml
апр 02 14:52:31 amar319-1.amar.home sudo[6965]:     amar : TTY=tty2 ; PWD=/home/amar/Amar73/arch-niri ; USER=root ; COMMAND=/usr/bin/systemctl restart greetd
апр 02 14:52:31 amar319-1.amar.home greetd[6972]: config: Config { file: ConfigFile { terminal: ConfigTerminal { vt: Specific(1), switch: true }, general: ConfigGeneral { source_profile: true, runfile: "/run/greetd.run", service: "greetd" }, default_session: ConfigSession { command: "tuigreet --time --remember --remember-user-session --asterisks --cmd dbus-run-session niri", user: "greeter", service: "greetd-greeter" }, initial_session: None }, internal: ConfigInternal { session_worker: 0 } }
апр 02 14:52:41 amar319-1.amar.home wireplumber[6054]: spa.dbus: Failed to connect to session bus: Failed to connect to socket /tmp/dbus-SmZWqBNcpT: No such file or directory
апр 02 14:52:41 amar319-1.amar.home wireplumber[6054]: spa.bluez5.telephony: failed to get session dbus connection
апр 02 14:52:41 amar319-1.amar.home wireplumber[6054]: default: Failed to get percentage from UPower: org.freedesktop.DBus.Error.NameHasNoOwner
апр 02 14:52:41 amar319-1.amar.home systemd[971]: Reached target Shutdown running niri session.
апр 02 14:52:41 amar319-1.amar.home systemd[971]: Stopped target Shutdown running niri session.
апр 02 14:52:49 amar319-1.amar.home wireplumber[6054]: spa.dbus: Failed to connect to session bus: Failed to connect to socket /tmp/dbus-SmZWqBNcpT: No such file or directory
апр 02 14:52:49 amar319-1.amar.home wireplumber[6054]: spa.bluez5.telephony: failed to get session dbus connection
апр 02 14:52:49 amar319-1.amar.home wireplumber[6054]: default: Failed to get percentage from UPower: org.freedesktop.DBus.Error.NameHasNoOwner
апр 02 14:55:29 amar319-1.amar.home sudo[7490]:     amar : TTY=tty2 ; PWD=/home/amar/Amar73/arch-niri ; USER=root ; COMMAND=/usr/bin/journalctl -b --no-pager
апр 02 14:56:15 amar319-1.amar.home sudo[7599]:     amar : TTY=tty2 ; PWD=/home/amar/Amar73/arch-niri ; USER=root ; COMMAND=/usr/bin/journalctl -b --no-pager _UID=1000
апр 02 14:56:37 amar319-1.amar.home sudo[7655]:     amar : TTY=tty2 ; PWD=/home/amar/Amar73/arch-niri ; USER=root ; COMMAND=/usr/bin/journalctl -b --no-pager
апр 02 14:45:42 amar319-1.amar.home wireplumber[6054]: wp-internal-comp-loader: <WpCore:0x55dbe27c3200> skipping component 'support.portal-permissionstore [module: libwireplumber-module-portal-permissionstore]' because some of its dependencies were not loaded
апр 02 14:45:42 amar319-1.amar.home wireplumber[6054]: wp-internal-comp-loader: <WpCore:0x55dbe27c3200> skipping component 'script.client.access-portal [script/lua: client/access-portal.lua]' because some of its dependencies were not loaded
апр 02 14:45:42 amar319-1.amar.home wireplumber[6054]: wp-internal-comp-loader: <WpCore:0x55dbe27c3200> skipping component 'api.notifications [module: libwireplumber-module-notifications-api]' because some of its dependencies were not loaded
апр 02 14:45:42 amar319-1.amar.home wireplumber[6054]: wp-internal-comp-loader: <WpCore:0x55dbe27c3200> skipping component 'support.mpris [module: libwireplumber-module-mpris]' because some of its dependencies were not loaded
апр 02 14:45:42 amar319-1.amar.home wireplumber[6054]: wp-internal-comp-loader: <WpCore:0x55dbe27c3200> skipping component 'hooks.linking.pause-playback [script/lua: linking/mpris-pause.lua]' because some of its dependencies were not loaded
апр 02 14:45:42 amar319-1.amar.home wireplumber[6054]: wp-internal-comp-loader: <WpCore:0x55dbe27c3200> skipping component 'support.reserve-device [module: libwireplumber-module-reserve-device]' because some of its dependencies were not loaded
апр 02 14:45:42 amar319-1.amar.home wireplumber[6054]: wp-internal-comp-loader: <WpCore:0x55dbe27c3200> skipping component 'monitor.alsa.reserve-device [virtual]' because some of its dependencies were not loaded
апр 02 14:45:42 amar319-1.amar.home wireplumber[6054]: spa.dbus: Failed to connect to session bus: Failed to connect to socket /tmp/dbus-SmZWqBNcpT: No such file or directory
апр 02 14:45:42 amar319-1.amar.home wireplumber[6054]: spa.bluez5.telephony: failed to get session dbus connection
апр 02 14:45:42 amar319-1.amar.home wireplumber[6054]: default: Failed to get percentage from UPower: org.freedesktop.DBus.Error.NameHasNoOwner
апр 02 14:45:42 amar319-1.amar.home wireplumber[6054]: spa.bluez5: BlueZ system service is not available
апр 02 14:45:42 amar319-1.amar.home wireplumber[6054]: wp-device: SPA handle 'api.libcamera.enum.manager' could not be loaded; is it installed?
апр 02 14:45:42 amar319-1.amar.home wireplumber[6054]: s-monitors-libcamera: PipeWire's libcamera SPA plugin is missing or broken. Some camera types may not be supported.
апр 02 14:48:15 amar319-1.amar.home sudo[6414]:     amar : TTY=tty2 ; PWD=/home/amar/Amar73/arch-niri ; USER=root ; COMMAND=/usr/bin/vim /etc/greetd/config.toml
апр 02 14:48:15 amar319-1.amar.home sudo[6414]: pam_unix(sudo:session): session opened for user root(uid=0) by amar(uid=1000)
апр 02 14:52:22 amar319-1.amar.home sudo[6414]: pam_unix(sudo:session): session closed for user root
апр 02 14:52:31 amar319-1.amar.home sudo[6965]:     amar : TTY=tty2 ; PWD=/home/amar/Amar73/arch-niri ; USER=root ; COMMAND=/usr/bin/systemctl restart greetd
апр 02 14:52:31 amar319-1.amar.home sudo[6965]: pam_unix(sudo:session): session opened for user root(uid=0) by amar(uid=1000)
апр 02 14:52:31 amar319-1.amar.home sudo[6965]: pam_unix(sudo:session): session closed for user root
апр 02 14:52:41 amar319-1.amar.home wireplumber[6054]: spa.dbus: Failed to connect to session bus: Failed to connect to socket /tmp/dbus-SmZWqBNcpT: No such file or directory
апр 02 14:52:41 amar319-1.amar.home wireplumber[6054]: spa.bluez5.telephony: failed to get session dbus connection
апр 02 14:52:41 amar319-1.amar.home wireplumber[6054]: default: Failed to get percentage from UPower: org.freedesktop.DBus.Error.NameHasNoOwner
апр 02 14:52:41 amar319-1.amar.home wireplumber[6054]: spa.bluez5: BlueZ system service is not available
апр 02 14:52:41 amar319-1.amar.home systemd[971]: Reached target Shutdown running niri session.
апр 02 14:52:41 amar319-1.amar.home systemd[971]: Stopped target Shutdown running niri session.
апр 02 14:52:49 amar319-1.amar.home wireplumber[6054]: spa.dbus: Failed to connect to session bus: Failed to connect to socket /tmp/dbus-SmZWqBNcpT: No such file or directory
апр 02 14:52:49 amar319-1.amar.home wireplumber[6054]: spa.bluez5.telephony: failed to get session dbus connection
апр 02 14:52:49 amar319-1.amar.home wireplumber[6054]: default: Failed to get percentage from UPower: org.freedesktop.DBus.Error.NameHasNoOwner
апр 02 14:52:49 amar319-1.amar.home wireplumber[6054]: spa.bluez5: BlueZ system service is not available
апр 02 14:55:29 amar319-1.amar.home sudo[7490]:     amar : TTY=tty2 ; PWD=/home/amar/Amar73/arch-niri ; USER=root ; COMMAND=/usr/bin/journalctl -b --no-pager
апр 02 14:55:29 amar319-1.amar.home sudo[7490]: pam_unix(sudo:session): session opened for user root(uid=0) by amar(uid=1000)
апр 02 14:55:29 amar319-1.amar.home sudo[7490]: pam_unix(sudo:session): session closed for user root
апр 02 14:56:15 amar319-1.amar.home sudo[7599]:     amar : TTY=tty2 ; PWD=/home/amar/Amar73/arch-niri ; USER=root ; COMMAND=/usr/bin/journalctl -b --no-pager _UID=1000
апр 02 14:56:15 amar319-1.amar.home sudo[7599]: pam_unix(sudo:session): session opened for user root(uid=0) by amar(uid=1000)
апр 02 14:56:15 amar319-1.amar.home sudo[7599]: pam_unix(sudo:session): session closed for user root
апр 02 14:56:37 amar319-1.amar.home sudo[7655]:     amar : TTY=tty2 ; PWD=/home/amar/Amar73/arch-niri ; USER=root ; COMMAND=/usr/bin/journalctl -b --no-pager
апр 02 14:56:37 amar319-1.amar.home sudo[7655]: pam_unix(sudo:session): session opened for user root(uid=0) by amar(uid=1000)
апр 02 14:56:37 amar319-1.amar.home sudo[7655]: pam_unix(sudo:session): session closed for user root
апр 02 14:56:53 amar319-1.amar.home sudo[7702]:     amar : TTY=tty2 ; PWD=/home/amar/Amar73/arch-niri ; USER=root ; COMMAND=/usr/bin/journalctl -b --no-pager _UID=1000
апр 02 14:56:53 amar319-1.amar.home sudo[7702]: pam_unix(sudo:session): session opened for user root(uid=0) by amar(uid=1000)
